<?xml version="1.0" encoding="UTF-8"?>
<coverage generated="1764379491">
  <project timestamp="1764379491" name="Clover Coverage">
    <package name="Galaxon\Units">
      <file name="C:\Users\shaun\Projects\PHP\Galaxon\Units\src\Angle.php">
        <class name="Galaxon\Units\Angle" namespace="Galaxon\Units">
          <metrics complexity="60" methods="25" coveredmethods="24" conditionals="0" coveredconditionals="0" statements="124" coveredstatements="119" elements="149" coveredelements="143"/>
        </class>
        <line num="48" type="method" name="parse" visibility="public" complexity="11" crap="14.69" count="2"/>
        <line num="52" type="stmt" count="2"/>
        <line num="53" type="stmt" count="2"/>
        <line num="55" type="stmt" count="2"/>
        <line num="56" type="stmt" count="2"/>
        <line num="57" type="stmt" count="2"/>
        <line num="58" type="stmt" count="2"/>
        <line num="59" type="stmt" count="2"/>
        <line num="60" type="stmt" count="2"/>
        <line num="62" type="stmt" count="1"/>
        <line num="63" type="stmt" count="1"/>
        <line num="67" type="stmt" count="0"/>
        <line num="70" type="stmt" count="0"/>
        <line num="71" type="stmt" count="0"/>
        <line num="72" type="stmt" count="0"/>
        <line num="75" type="stmt" count="0"/>
        <line num="79" type="stmt" count="1"/>
        <line num="90" type="method" name="getValidUnits" visibility="public" complexity="1" crap="1" count="48"/>
        <line num="92" type="stmt" count="48"/>
        <line num="98" type="method" name="getDefaultUnit" visibility="public" complexity="1" crap="1" count="35"/>
        <line num="100" type="stmt" count="35"/>
        <line num="103" type="method" name="getConversions" visibility="public" complexity="1" crap="1" count="1"/>
        <line num="105" type="stmt" count="1"/>
        <line num="106" type="stmt" count="1"/>
        <line num="107" type="stmt" count="1"/>
        <line num="108" type="stmt" count="1"/>
        <line num="109" type="stmt" count="1"/>
        <line num="110" type="stmt" count="1"/>
        <line num="111" type="stmt" count="1"/>
        <line num="135" type="method" name="fromDMS" visibility="public" complexity="1" crap="1" count="5"/>
        <line num="138" type="stmt" count="5"/>
        <line num="139" type="stmt" count="5"/>
        <line num="140" type="stmt" count="5"/>
        <line num="144" type="stmt" count="5"/>
        <line num="165" type="method" name="toDMS" visibility="public" complexity="5" crap="5" count="8"/>
        <line num="167" type="stmt" count="8"/>
        <line num="168" type="stmt" count="8"/>
        <line num="169" type="stmt" count="8"/>
        <line num="173" type="stmt" count="2"/>
        <line num="176" type="stmt" count="2"/>
        <line num="178" type="stmt" count="2"/>
        <line num="182" type="stmt" count="3"/>
        <line num="183" type="stmt" count="3"/>
        <line num="186" type="stmt" count="3"/>
        <line num="187" type="stmt" count="3"/>
        <line num="189" type="stmt" count="3"/>
        <line num="193" type="stmt" count="7"/>
        <line num="194" type="stmt" count="7"/>
        <line num="195" type="stmt" count="7"/>
        <line num="196" type="stmt" count="7"/>
        <line num="199" type="stmt" count="7"/>
        <line num="200" type="stmt" count="7"/>
        <line num="201" type="stmt" count="7"/>
        <line num="203" type="stmt" count="7"/>
        <line num="206" type="stmt" count="1"/>
        <line num="207" type="stmt" count="1"/>
        <line num="208" type="stmt" count="1"/>
        <line num="230" type="method" name="formatDMS" visibility="public" complexity="11" crap="11" count="4"/>
        <line num="233" type="stmt" count="4"/>
        <line num="236" type="stmt" count="4"/>
        <line num="240" type="stmt" count="1"/>
        <line num="241" type="stmt" count="1"/>
        <line num="242" type="stmt" count="1"/>
        <line num="245" type="stmt" count="1"/>
        <line num="248" type="stmt" count="1"/>
        <line num="249" type="stmt" count="1"/>
        <line num="252" type="stmt" count="1"/>
        <line num="253" type="stmt" count="1"/>
        <line num="254" type="stmt" count="1"/>
        <line num="258" type="stmt" count="1"/>
        <line num="259" type="stmt" count="1"/>
        <line num="262" type="stmt" count="4"/>
        <line num="265" type="stmt" count="4"/>
        <line num="266" type="stmt" count="4"/>
        <line num="269" type="stmt" count="4"/>
        <line num="270" type="stmt" count="2"/>
        <line num="271" type="stmt" count="2"/>
        <line num="273" type="stmt" count="4"/>
        <line num="274" type="stmt" count="2"/>
        <line num="275" type="stmt" count="2"/>
        <line num="279" type="stmt" count="4"/>
        <line num="280" type="stmt" count="4"/>
        <line num="300" type="method" name="sin" visibility="public" complexity="1" crap="1" count="1"/>
        <line num="302" type="stmt" count="1"/>
        <line num="310" type="method" name="cos" visibility="public" complexity="1" crap="1" count="1"/>
        <line num="312" type="stmt" count="1"/>
        <line num="320" type="method" name="tan" visibility="public" complexity="2" crap="2" count="1"/>
        <line num="322" type="stmt" count="1"/>
        <line num="323" type="stmt" count="1"/>
        <line num="327" type="stmt" count="1"/>
        <line num="328" type="stmt" count="1"/>
        <line num="332" type="stmt" count="1"/>
        <line num="340" type="method" name="sec" visibility="public" complexity="2" crap="2" count="1"/>
        <line num="342" type="stmt" count="1"/>
        <line num="345" type="stmt" count="1"/>
        <line num="346" type="stmt" count="1"/>
        <line num="349" type="stmt" count="1"/>
        <line num="357" type="method" name="csc" visibility="public" complexity="2" crap="2" count="1"/>
        <line num="359" type="stmt" count="1"/>
        <line num="362" type="stmt" count="1"/>
        <line num="363" type="stmt" count="1"/>
        <line num="366" type="stmt" count="1"/>
        <line num="374" type="method" name="cot" visibility="public" complexity="2" crap="2" count="1"/>
        <line num="376" type="stmt" count="1"/>
        <line num="377" type="stmt" count="1"/>
        <line num="380" type="stmt" count="1"/>
        <line num="381" type="stmt" count="1"/>
        <line num="384" type="stmt" count="1"/>
        <line num="396" type="method" name="sinh" visibility="public" complexity="1" crap="1" count="2"/>
        <line num="398" type="stmt" count="2"/>
        <line num="406" type="method" name="cosh" visibility="public" complexity="1" crap="1" count="2"/>
        <line num="408" type="stmt" count="2"/>
        <line num="416" type="method" name="tanh" visibility="public" complexity="1" crap="1" count="2"/>
        <line num="418" type="stmt" count="2"/>
        <line num="426" type="method" name="sech" visibility="public" complexity="1" crap="1" count="1"/>
        <line num="428" type="stmt" count="1"/>
        <line num="436" type="method" name="csch" visibility="public" complexity="2" crap="2" count="1"/>
        <line num="438" type="stmt" count="1"/>
        <line num="441" type="stmt" count="1"/>
        <line num="442" type="stmt" count="1"/>
        <line num="445" type="stmt" count="1"/>
        <line num="453" type="method" name="coth" visibility="public" complexity="2" crap="2" count="1"/>
        <line num="455" type="stmt" count="1"/>
        <line num="458" type="stmt" count="1"/>
        <line num="459" type="stmt" count="1"/>
        <line num="462" type="stmt" count="1"/>
        <line num="482" type="method" name="wrap" visibility="public" complexity="1" crap="1" count="3"/>
        <line num="484" type="stmt" count="3"/>
        <line num="509" type="method" name="wrapAngle" visibility="private" complexity="6" crap="6" count="7"/>
        <line num="512" type="stmt" count="7"/>
        <line num="513" type="stmt" count="1"/>
        <line num="518" type="stmt" count="6"/>
        <line num="522" type="stmt" count="6"/>
        <line num="524" type="stmt" count="6"/>
        <line num="525" type="stmt" count="6"/>
        <line num="526" type="stmt" count="5"/>
        <line num="527" type="stmt" count="3"/>
        <line num="528" type="stmt" count="1"/>
        <line num="532" type="stmt" count="5"/>
        <line num="533" type="stmt" count="2"/>
        <line num="538" type="stmt" count="6"/>
        <line num="548" type="method" name="wrapRadians" visibility="public" complexity="1" crap="1" count="3"/>
        <line num="550" type="stmt" count="3"/>
        <line num="560" type="method" name="wrapDegrees" visibility="public" complexity="1" crap="1" count="2"/>
        <line num="562" type="stmt" count="2"/>
        <line num="572" type="method" name="wrapGradians" visibility="public" complexity="1" crap="1" count="1"/>
        <line num="574" type="stmt" count="1"/>
        <line num="584" type="method" name="wrapTurns" visibility="public" complexity="1" crap="1" count="1"/>
        <line num="586" type="stmt" count="1"/>
        <metrics loc="591" ncloc="339" classes="1" methods="25" coveredmethods="24" conditionals="0" coveredconditionals="0" statements="124" coveredstatements="119" elements="149" coveredelements="143"/>
      </file>
      <file name="C:\Users\shaun\Projects\PHP\Galaxon\Units\src\Length.php">
        <class name="Galaxon\Units\Length" namespace="Galaxon\Units">
          <metrics complexity="0" methods="0" coveredmethods="0" conditionals="0" coveredconditionals="0" statements="0" coveredstatements="0" elements="0" coveredelements="0"/>
        </class>
        <metrics loc="42" ncloc="27" classes="0" methods="0" coveredmethods="0" conditionals="0" coveredconditionals="0" statements="0" coveredstatements="0" elements="0" coveredelements="0"/>
      </file>
      <file name="C:\Users\shaun\Projects\PHP\Galaxon\Units\src\Mass.php">
        <class name="Galaxon\Units\Mass" namespace="Galaxon\Units">
          <metrics complexity="0" methods="0" coveredmethods="0" conditionals="0" coveredconditionals="0" statements="0" coveredstatements="0" elements="0" coveredelements="0"/>
        </class>
        <metrics loc="8" ncloc="8" classes="0" methods="0" coveredmethods="0" conditionals="0" coveredconditionals="0" statements="0" coveredstatements="0" elements="0" coveredelements="0"/>
      </file>
      <file name="C:\Users\shaun\Projects\PHP\Galaxon\Units\src\Measurement.php">
        <class name="Galaxon\Units\Measurement" namespace="Galaxon\Units">
          <metrics complexity="35" methods="17" coveredmethods="15" conditionals="0" coveredconditionals="0" statements="59" coveredstatements="55" elements="76" coveredelements="70"/>
        </class>
        <line num="51" type="method" name="__construct" visibility="public" complexity="3" crap="3" count="43"/>
        <line num="54" type="stmt" count="43"/>
        <line num="55" type="stmt" count="2"/>
        <line num="59" type="stmt" count="41"/>
        <line num="60" type="stmt" count="15"/>
        <line num="61" type="stmt" count="15"/>
        <line num="66" type="stmt" count="33"/>
        <line num="82" type="method" name="parse" visibility="public" complexity="3" crap="3.14" count="2"/>
        <line num="85" type="stmt" count="2"/>
        <line num="86" type="stmt" count="2"/>
        <line num="89" type="stmt" count="2"/>
        <line num="90" type="stmt" count="2"/>
        <line num="91" type="stmt" count="1"/>
        <line num="96" type="stmt" count="1"/>
        <line num="97" type="stmt" count="1"/>
        <line num="98" type="stmt" count="1"/>
        <line num="99" type="stmt" count="0"/>
        <line num="100" type="stmt" count="0"/>
        <line num="101" type="stmt" count="0"/>
        <line num="105" type="stmt" count="1"/>
        <line num="119" type="method" name="to" visibility="public" complexity="1" crap="1" count="16"/>
        <line num="121" type="stmt" count="16"/>
        <line num="135" type="method" name="format" visibility="public" complexity="6" crap="6" count="3"/>
        <line num="138" type="stmt" count="3"/>
        <line num="139" type="stmt" count="2"/>
        <line num="143" type="stmt" count="2"/>
        <line num="144" type="stmt" count="1"/>
        <line num="148" type="stmt" count="2"/>
        <line num="151" type="stmt" count="2"/>
        <line num="159" type="method" name="__toString" visibility="public" complexity="1" crap="1" count="1"/>
        <line num="162" type="stmt" count="1"/>
        <line num="172" type="method" name="compare" visibility="public" complexity="3" crap="3" count="13"/>
        <line num="175" type="stmt" count="13"/>
        <line num="178" type="stmt" count="10"/>
        <line num="179" type="stmt" count="6"/>
        <line num="183" type="stmt" count="10"/>
        <line num="197" type="method" name="add" visibility="public" complexity="1" crap="1" count="1"/>
        <line num="199" type="stmt" count="1"/>
        <line num="200" type="stmt" count="1"/>
        <line num="210" type="method" name="sub" visibility="public" complexity="1" crap="1" count="1"/>
        <line num="212" type="stmt" count="1"/>
        <line num="213" type="stmt" count="1"/>
        <line num="223" type="method" name="mul" visibility="public" complexity="2" crap="2" count="2"/>
        <line num="226" type="stmt" count="2"/>
        <line num="227" type="stmt" count="1"/>
        <line num="230" type="stmt" count="1"/>
        <line num="241" type="method" name="div" visibility="public" complexity="3" crap="3" count="3"/>
        <line num="244" type="stmt" count="3"/>
        <line num="245" type="stmt" count="1"/>
        <line num="247" type="stmt" count="2"/>
        <line num="248" type="stmt" count="1"/>
        <line num="251" type="stmt" count="1"/>
        <line num="259" type="method" name="abs" visibility="public" complexity="1" crap="1" count="4"/>
        <line num="261" type="stmt" count="4"/>
        <line num="297" type="method" name="isUnitValid" visibility="public" complexity="1" crap="1" count="46"/>
        <line num="299" type="stmt" count="46"/>
        <line num="308" type="method" name="checkIsUnitValid" visibility="public" complexity="2" crap="2" count="45"/>
        <line num="310" type="stmt" count="45"/>
        <line num="311" type="stmt" count="6"/>
        <line num="312" type="stmt" count="6"/>
        <line num="328" type="method" name="getConversionFactor" visibility="public" complexity="2" crap="2" count="45"/>
        <line num="331" type="stmt" count="45"/>
        <line num="332" type="stmt" count="42"/>
        <line num="335" type="stmt" count="41"/>
        <line num="336" type="stmt" count="1"/>
        <line num="340" type="stmt" count="41"/>
        <line num="353" type="method" name="convert" visibility="public" complexity="1" crap="1" count="37"/>
        <line num="355" type="stmt" count="37"/>
        <line num="365" type="method" name="checkCompatible" visibility="protected" complexity="2" crap="2.50" count="11"/>
        <line num="368" type="stmt" count="11"/>
        <line num="369" type="stmt" count="0"/>
        <line num="388" type="method" name="formatFloat" visibility="protected" complexity="2" crap="2" count="5"/>
        <line num="391" type="stmt" count="5"/>
        <line num="396" type="stmt" count="5"/>
        <line num="397" type="stmt" count="4"/>
        <line num="398" type="stmt" count="5"/>
        <metrics loc="403" ncloc="207" classes="1" methods="17" coveredmethods="15" conditionals="0" coveredconditionals="0" statements="59" coveredstatements="55" elements="76" coveredelements="70"/>
      </file>
      <file name="C:\Users\shaun\Projects\PHP\Galaxon\Units\src\Temperature.php">
        <class name="Galaxon\Units\Temperature" namespace="Galaxon\Units">
          <metrics complexity="0" methods="0" coveredmethods="0" conditionals="0" coveredconditionals="0" statements="0" coveredstatements="0" elements="0" coveredelements="0"/>
        </class>
        <metrics loc="8" ncloc="8" classes="0" methods="0" coveredmethods="0" conditionals="0" coveredconditionals="0" statements="0" coveredstatements="0" elements="0" coveredelements="0"/>
      </file>
      <file name="C:\Users\shaun\Projects\PHP\Galaxon\Units\src\Time.php">
        <class name="Galaxon\Units\Time" namespace="Galaxon\Units">
          <metrics complexity="0" methods="0" coveredmethods="0" conditionals="0" coveredconditionals="0" statements="0" coveredstatements="0" elements="0" coveredelements="0"/>
        </class>
        <metrics loc="41" ncloc="26" classes="0" methods="0" coveredmethods="0" conditionals="0" coveredconditionals="0" statements="0" coveredstatements="0" elements="0" coveredelements="0"/>
      </file>
      <file name="C:\Users\shaun\Projects\PHP\Galaxon\Units\src\UnitConverter.php">
        <class name="Galaxon\Units\UnitConverter" namespace="Galaxon\Units">
          <metrics complexity="58" methods="10" coveredmethods="0" conditionals="0" coveredconditionals="0" statements="136" coveredstatements="0" elements="146" coveredelements="0"/>
        </class>
        <line num="23" type="method" name="__construct" visibility="public" complexity="15" crap="240" count="0"/>
        <line num="26" type="stmt" count="0"/>
        <line num="27" type="stmt" count="0"/>
        <line num="29" type="stmt" count="0"/>
        <line num="30" type="stmt" count="0"/>
        <line num="34" type="stmt" count="0"/>
        <line num="35" type="stmt" count="0"/>
        <line num="37" type="stmt" count="0"/>
        <line num="38" type="stmt" count="0"/>
        <line num="41" type="stmt" count="0"/>
        <line num="45" type="stmt" count="0"/>
        <line num="48" type="stmt" count="0"/>
        <line num="49" type="stmt" count="0"/>
        <line num="50" type="stmt" count="0"/>
        <line num="51" type="stmt" count="0"/>
        <line num="52" type="stmt" count="0"/>
        <line num="53" type="stmt" count="0"/>
        <line num="54" type="stmt" count="0"/>
        <line num="55" type="stmt" count="0"/>
        <line num="57" type="stmt" count="0"/>
        <line num="58" type="stmt" count="0"/>
        <line num="59" type="stmt" count="0"/>
        <line num="60" type="stmt" count="0"/>
        <line num="61" type="stmt" count="0"/>
        <line num="65" type="stmt" count="0"/>
        <line num="66" type="stmt" count="0"/>
        <line num="67" type="stmt" count="0"/>
        <line num="68" type="stmt" count="0"/>
        <line num="71" type="stmt" count="0"/>
        <line num="72" type="stmt" count="0"/>
        <line num="73" type="stmt" count="0"/>
        <line num="75" type="stmt" count="0"/>
        <line num="76" type="stmt" count="0"/>
        <line num="80" type="method" name="getConversionFactor" visibility="public" complexity="2" crap="6" count="0"/>
        <line num="82" type="stmt" count="0"/>
        <line num="83" type="stmt" count="0"/>
        <line num="85" type="stmt" count="0"/>
        <line num="94" type="method" name="exactnessScore" visibility="private" complexity="5" crap="30" count="0"/>
        <line num="97" type="stmt" count="0"/>
        <line num="100" type="stmt" count="0"/>
        <line num="101" type="stmt" count="0"/>
        <line num="104" type="stmt" count="0"/>
        <line num="105" type="stmt" count="0"/>
        <line num="108" type="stmt" count="0"/>
        <line num="111" type="stmt" count="0"/>
        <line num="112" type="stmt" count="0"/>
        <line num="116" type="stmt" count="0"/>
        <line num="119" type="stmt" count="0"/>
        <line num="121" type="stmt" count="0"/>
        <line num="124" type="method" name="matrixComplete" visibility="public" complexity="4" crap="20" count="0"/>
        <line num="126" type="stmt" count="0"/>
        <line num="127" type="stmt" count="0"/>
        <line num="128" type="stmt" count="0"/>
        <line num="129" type="stmt" count="0"/>
        <line num="133" type="stmt" count="0"/>
        <line num="136" type="method" name="printMatrix" visibility="public" complexity="8" crap="72" count="0"/>
        <line num="138" type="stmt" count="0"/>
        <line num="139" type="stmt" count="0"/>
        <line num="141" type="stmt" count="0"/>
        <line num="142" type="stmt" count="0"/>
        <line num="143" type="stmt" count="0"/>
        <line num="145" type="stmt" count="0"/>
        <line num="147" type="stmt" count="0"/>
        <line num="148" type="stmt" count="0"/>
        <line num="149" type="stmt" count="0"/>
        <line num="151" type="stmt" count="0"/>
        <line num="153" type="stmt" count="0"/>
        <line num="154" type="stmt" count="0"/>
        <line num="155" type="stmt" count="0"/>
        <line num="157" type="stmt" count="0"/>
        <line num="159" type="stmt" count="0"/>
        <line num="160" type="stmt" count="0"/>
        <line num="161" type="stmt" count="0"/>
        <line num="162" type="stmt" count="0"/>
        <line num="163" type="stmt" count="0"/>
        <line num="164" type="stmt" count="0"/>
        <line num="165" type="stmt" count="0"/>
        <line num="167" type="stmt" count="0"/>
        <line num="169" type="stmt" count="0"/>
        <line num="171" type="stmt" count="0"/>
        <line num="174" type="stmt" count="0"/>
        <line num="175" type="stmt" count="0"/>
        <line num="176" type="stmt" count="0"/>
        <line num="178" type="stmt" count="0"/>
        <line num="181" type="method" name="multiply" visibility="private" complexity="1" crap="2" count="0"/>
        <line num="183" type="stmt" count="0"/>
        <line num="184" type="stmt" count="0"/>
        <line num="185" type="stmt" count="0"/>
        <line num="188" type="method" name="divide" visibility="private" complexity="1" crap="2" count="0"/>
        <line num="190" type="stmt" count="0"/>
        <line num="191" type="stmt" count="0"/>
        <line num="192" type="stmt" count="0"/>
        <line num="195" type="method" name="invert" visibility="private" complexity="1" crap="2" count="0"/>
        <line num="197" type="stmt" count="0"/>
        <line num="200" type="method" name="calculateNextConversion" visibility="private" complexity="19" crap="380" count="0"/>
        <line num="202" type="stmt" count="0"/>
        <line num="203" type="stmt" count="0"/>
        <line num="204" type="stmt" count="0"/>
        <line num="205" type="stmt" count="0"/>
        <line num="207" type="stmt" count="0"/>
        <line num="208" type="stmt" count="0"/>
        <line num="209" type="stmt" count="0"/>
        <line num="210" type="stmt" count="0"/>
        <line num="211" type="stmt" count="0"/>
        <line num="215" type="stmt" count="0"/>
        <line num="216" type="stmt" count="0"/>
        <line num="217" type="stmt" count="0"/>
        <line num="218" type="stmt" count="0"/>
        <line num="219" type="stmt" count="0"/>
        <line num="220" type="stmt" count="0"/>
        <line num="221" type="stmt" count="0"/>
        <line num="222" type="stmt" count="0"/>
        <line num="227" type="stmt" count="0"/>
        <line num="229" type="stmt" count="0"/>
        <line num="230" type="stmt" count="0"/>
        <line num="233" type="stmt" count="0"/>
        <line num="234" type="stmt" count="0"/>
        <line num="235" type="stmt" count="0"/>
        <line num="236" type="stmt" count="0"/>
        <line num="239" type="stmt" count="0"/>
        <line num="240" type="stmt" count="0"/>
        <line num="241" type="stmt" count="0"/>
        <line num="242" type="stmt" count="0"/>
        <line num="243" type="stmt" count="0"/>
        <line num="244" type="stmt" count="0"/>
        <line num="245" type="stmt" count="0"/>
        <line num="250" type="stmt" count="0"/>
        <line num="251" type="stmt" count="0"/>
        <line num="252" type="stmt" count="0"/>
        <line num="253" type="stmt" count="0"/>
        <line num="254" type="stmt" count="0"/>
        <line num="255" type="stmt" count="0"/>
        <line num="256" type="stmt" count="0"/>
        <line num="261" type="stmt" count="0"/>
        <line num="262" type="stmt" count="0"/>
        <line num="263" type="stmt" count="0"/>
        <line num="264" type="stmt" count="0"/>
        <line num="265" type="stmt" count="0"/>
        <line num="266" type="stmt" count="0"/>
        <line num="267" type="stmt" count="0"/>
        <line num="275" type="stmt" count="0"/>
        <line num="289" type="method" name="completeMatrix" visibility="public" complexity="2" crap="6" count="0"/>
        <line num="291" type="stmt" count="0"/>
        <line num="294" type="stmt" count="0"/>
        <line num="296" type="stmt" count="0"/>
        <line num="297" type="stmt" count="0"/>
        <metrics loc="300" ncloc="253" classes="1" methods="10" coveredmethods="0" conditionals="0" coveredconditionals="0" statements="136" coveredstatements="0" elements="146" coveredelements="0"/>
      </file>
    </package>
    <metrics files="7" loc="1393" ncloc="868" classes="3" methods="52" coveredmethods="39" conditionals="0" coveredconditionals="0" statements="319" coveredstatements="174" elements="371" coveredelements="213"/>
  </project>
</coverage>
